Using pre-set license
Built from '2021.3/staging' branch; Version is '2021.3.5f1 (40eb3a945986) revision 4254522'; Using compiler version '192829333'; Build Type 'Release'
OS: 'Windows 10  (10.0.19044) 64bit Core' Language: 'en' Physical Memory: 16334 MB
BatchMode: 1, IsHumanControllingUs: 0, StartBugReporterOnCrash: 0, Is64bit: 1, IsPro: 1

COMMAND LINE ARGUMENTS:
C:\Program Files\Unity\Hub\Editor\2021.3.5f1\Editor\Unity.exe
-adb2
-batchMode
-noUpm
-name
AssetImportWorker0
-projectPath
C:/Games/Uni/3rd_Year_Mobile_Game/3rdYearMobileGame
-logFile
Logs/AssetImportWorker0.log
-srvPort
59106
Successfully changed project path to: C:/Games/Uni/3rd_Year_Mobile_Game/3rdYearMobileGame
C:/Games/Uni/3rd_Year_Mobile_Game/3rdYearMobileGame
[UnityMemory] Configuration Parameters - Can be set up in boot.config
    "memorysetup-bucket-allocator-granularity=16"
    "memorysetup-bucket-allocator-bucket-count=8"
    "memorysetup-bucket-allocator-block-size=33554432"
    "memorysetup-bucket-allocator-block-count=8"
    "memorysetup-main-allocator-block-size=16777216"
    "memorysetup-thread-allocator-block-size=16777216"
    "memorysetup-gfx-main-allocator-block-size=16777216"
    "memorysetup-gfx-thread-allocator-block-size=16777216"
    "memorysetup-cache-allocator-block-size=4194304"
    "memorysetup-typetree-allocator-block-size=2097152"
    "memorysetup-profiler-bucket-allocator-granularity=16"
    "memorysetup-profiler-bucket-allocator-bucket-count=8"
    "memorysetup-profiler-bucket-allocator-block-size=33554432"
    "memorysetup-profiler-bucket-allocator-block-count=8"
    "memorysetup-profiler-allocator-block-size=16777216"
    "memorysetup-profiler-editor-allocator-block-size=1048576"
    "memorysetup-temp-allocator-size-main=16777216"
    "memorysetup-job-temp-allocator-block-size=2097152"
    "memorysetup-job-temp-allocator-block-size-background=1048576"
    "memorysetup-job-temp-allocator-reduction-small-platforms=262144"
    "memorysetup-temp-allocator-size-background-worker=32768"
    "memorysetup-temp-allocator-size-job-worker=262144"
    "memorysetup-temp-allocator-size-preload-manager=33554432"
    "memorysetup-temp-allocator-size-nav-mesh-worker=65536"
    "memorysetup-temp-allocator-size-audio-worker=65536"
    "memorysetup-temp-allocator-size-cloud-worker=32768"
    "memorysetup-temp-allocator-size-gi-baking-worker=262144"
    "memorysetup-temp-allocator-size-gfx=262144"
Refreshing native plugins compatible for Editor in 157.86 ms, found 4 plugins.
Preloading 0 native plugins for Editor in 0.00 ms.
Initialize engine version: 2021.3.5f1 (40eb3a945986)
[Subsystems] Discovering subsystems at path C:/Program Files/Unity/Hub/Editor/2021.3.5f1/Editor/Data/Resources/UnitySubsystems
[Subsystems] Discovering subsystems at path C:/Games/Uni/3rd_Year_Mobile_Game/3rdYearMobileGame/Assets
GfxDevice: creating device client; threaded=0; jobified=0
Direct3D:
    Version:  Direct3D 11.0 [level 11.1]
    Renderer: Radeon RX Vega (ID=0x687f)
    Vendor:   ATI
    VRAM:     8119 MB
    Driver:   30.0.15021.1001
Initialize mono
Mono path[0] = 'C:/Program Files/Unity/Hub/Editor/2021.3.5f1/Editor/Data/Managed'
Mono path[1] = 'C:/Program Files/Unity/Hub/Editor/2021.3.5f1/Editor/Data/MonoBleedingEdge/lib/mono/unityjit-win32'
Mono config path = 'C:/Program Files/Unity/Hub/Editor/2021.3.5f1/Editor/Data/MonoBleedingEdge/etc'
Using monoOptions --debugger-agent=transport=dt_socket,embedding=1,server=y,suspend=n,address=127.0.0.1:56792
Begin MonoManager ReloadAssembly
Registering precompiled unity dll's ...
Register platform support module: C:/Program Files/Unity/Hub/Editor/2021.3.5f1/Editor/Data/PlaybackEngines/AndroidPlayer/UnityEditor.Android.Extensions.dll
Register platform support module: C:/Program Files/Unity/Hub/Editor/2021.3.5f1/Editor/Data/PlaybackEngines/WindowsStandaloneSupport/UnityEditor.WindowsStandalone.Extensions.dll
Registered in 0.014451 seconds.
Native extension for WindowsStandalone target not found
Native extension for Android target not found
Refreshing native plugins compatible for Editor in 172.10 ms, found 4 plugins.
Preloading 0 native plugins for Editor in 0.00 ms.
Mono: successfully reloaded assembly
- Completed reload, in  0.986 seconds
Domain Reload Profiling:
	ReloadAssembly (986ms)
		BeginReloadAssembly (122ms)
			ExecutionOrderSort (0ms)
			DisableScriptedObjects (0ms)
			BackupInstance (0ms)
			ReleaseScriptingObjects (0ms)
			CreateAndSetChildDomain (1ms)
		EndReloadAssembly (692ms)
			LoadAssemblies (118ms)
			RebuildTransferFunctionScriptingTraits (0ms)
			SetupTypeCache (146ms)
			ReleaseScriptCaches (0ms)
			RebuildScriptCaches (37ms)
			SetupLoadedEditorAssemblies (434ms)
				LogAssemblyErrors (0ms)
				InitializePlatformSupportModulesInManaged (76ms)
				SetLoadedEditorAssemblies (0ms)
				RefreshPlugins (172ms)
				BeforeProcessingInitializeOnLoad (2ms)
				ProcessInitializeOnLoadAttributes (128ms)
				ProcessInitializeOnLoadMethodAttributes (56ms)
				AfterProcessingInitializeOnLoad (0ms)
				EditorAssembliesLoaded (0ms)
			ExecutionOrderSort2 (0ms)
			AwakeInstancesAfterBackupRestoration (0ms)
Platform modules already initialized, skipping
Registering precompiled user dll's ...
Registered in 0.014169 seconds.
Begin MonoManager ReloadAssembly
Symbol file LoadedFromMemory doesn't match image C:\Games\Uni\3rd_Year_Mobile_Game\3rdYearMobileGame\Library\PackageCache\com.unity.visualscripting@1.7.8\Editor\VisualScripting.Core\Dependencies\YamlDotNet\Unity.VisualScripting.YamlDotNet.dll
Symbol file LoadedFromMemory doesn't match image C:\Games\Uni\3rd_Year_Mobile_Game\3rdYearMobileGame\Library\PackageCache\com.unity.visualscripting@1.7.8\Editor\VisualScripting.Core\Dependencies\DotNetZip\Unity.VisualScripting.IonicZip.dll
Native extension for WindowsStandalone target not found
Native extension for Android target not found
Refreshing native plugins compatible for Editor in 168.21 ms, found 4 plugins.
Preloading 0 native plugins for Editor in 0.00 ms.
Mono: successfully reloaded assembly
- Completed reload, in  2.053 seconds
Domain Reload Profiling:
	ReloadAssembly (2054ms)
		BeginReloadAssembly (251ms)
			ExecutionOrderSort (0ms)
			DisableScriptedObjects (8ms)
			BackupInstance (0ms)
			ReleaseScriptingObjects (0ms)
			CreateAndSetChildDomain (127ms)
		EndReloadAssembly (1632ms)
			LoadAssemblies (134ms)
			RebuildTransferFunctionScriptingTraits (0ms)
			SetupTypeCache (401ms)
			ReleaseScriptCaches (1ms)
			RebuildScriptCaches (99ms)
			SetupLoadedEditorAssemblies (931ms)
				LogAssemblyErrors (0ms)
				InitializePlatformSupportModulesInManaged (23ms)
				SetLoadedEditorAssemblies (0ms)
				RefreshPlugins (168ms)
				BeforeProcessingInitializeOnLoad (203ms)
				ProcessInitializeOnLoadAttributes (385ms)
				ProcessInitializeOnLoadMethodAttributes (137ms)
				AfterProcessingInitializeOnLoad (14ms)
				EditorAssembliesLoaded (0ms)
			ExecutionOrderSort2 (0ms)
			AwakeInstancesAfterBackupRestoration (6ms)
Platform modules already initialized, skipping
========================================================================
Worker process is ready to serve import requests
Launched and connected shader compiler UnityShaderCompiler.exe after 0.13 seconds
Refreshing native plugins compatible for Editor in 1.49 ms, found 4 plugins.
Preloading 0 native plugins for Editor in 0.00 ms.
Unloading 6128 Unused Serialized files (Serialized files now loaded: 0)
Unloading 54 unused Assets / (470.1 KB). Loaded Objects now: 6588.
Memory consumption went from 239.7 MB to 239.3 MB.
Total: 5.427700 ms (FindLiveObjects: 0.635900 ms CreateObjectMapping: 0.322700 ms MarkObjects: 4.236000 ms  DeleteObjects: 0.231900 ms)

AssetImportParameters requested are different than current active one (requested -> active):
  custom:video-decoder-ogg-theora: a1e56fd34408186e4bbccfd4996cb3dc -> 
  custom:container-muxer-webm: aa71ff27fc2769a1b78a27578f13a17b -> 
  custom:container-demuxer-webm: 4f35f7cbe854078d1ac9338744f61a02 -> 
  custom:video-encoder-webm-vp8: eb34c28f22e8b96e1ab97ce403110664 -> 
  custom:audio-encoder-webm-vorbis: bf7c407c2cedff20999df2af8eb42d56 -> 
  custom:framework-win-MediaFoundation: 216162199b28c13a410421893ffa2e32 -> 
  custom:container-demuxer-ogg: 62fdf1f143b41e24485cea50d1cbac27 -> 
  custom:video-decoder-webm-vp8: 9c59270c3fd7afecdb556c50c9e8de78 -> 
  custom:audio-decoder-ogg-vorbis: bf7c407c2cedff20999df2af8eb42d56 -> 
========================================================================
Received Import Request.
  Time since last request: 601405.073281 seconds.
  path: Assets/Prefabs/Crate.prefab
  artifactKey: Guid(f3690061a6ddf274dbfe7b8999a6429f) Importer(815301076,1909f56bfc062723c751e8b465ee728b)
Start importing Assets/Prefabs/Crate.prefab using Guid(f3690061a6ddf274dbfe7b8999a6429f) Importer(815301076,1909f56bfc062723c751e8b465ee728b)  -> (artifact id: '5730c8cf1b1b564057a9612cf2982faa') in 0.329975 seconds 
========================================================================
Received Import Request.
  Time since last request: 66.705342 seconds.
  path: Assets/Characters
  artifactKey: Guid(a9f2ce588f2f213468fcf7a13ce38e30) Importer(815301076,1909f56bfc062723c751e8b465ee728b)
Start importing Assets/Characters using Guid(a9f2ce588f2f213468fcf7a13ce38e30) Importer(815301076,1909f56bfc062723c751e8b465ee728b)  -> (artifact id: '75d7736f714151a9f62c3721825505e3') in 0.006459 seconds 
========================================================================
Received Import Request.
  Time since last request: 0.038670 seconds.
  path: Assets/Characters/manta3.fbx
  artifactKey: Guid(6890d8b805db8d3418ac04ad90c82644) Importer(815301076,1909f56bfc062723c751e8b465ee728b)
Start importing Assets/Characters/manta3.fbx using Guid(6890d8b805db8d3418ac04ad90c82644) Importer(815301076,1909f56bfc062723c751e8b465ee728b)  -> (artifact id: '53bf66c1f5e89490d5c6465d2b8b02a9') in 0.090429 seconds 
========================================================================
Received Import Request.
  Time since last request: 223.667957 seconds.
  path: Assets/Materials/White.mat
  artifactKey: Guid(d6c260a71a54c054c8e96b3296ce4f00) Importer(815301076,1909f56bfc062723c751e8b465ee728b)
Start importing Assets/Materials/White.mat using Guid(d6c260a71a54c054c8e96b3296ce4f00) Importer(815301076,1909f56bfc062723c751e8b465ee728b)  -> (artifact id: 'ba2dcf543e5eb175eafa903bb1f85190') in 0.034869 seconds 
========================================================================
Received Import Request.
  Time since last request: 37.680866 seconds.
  path: Assets/Materials/Blue.mat
  artifactKey: Guid(76ae85f7981a552438a8411025fbd384) Importer(815301076,1909f56bfc062723c751e8b465ee728b)
Start importing Assets/Materials/Blue.mat using Guid(76ae85f7981a552438a8411025fbd384) Importer(815301076,1909f56bfc062723c751e8b465ee728b)  -> (artifact id: '1b1d6571d63fcc8d96346a3334b3a4b8') in 0.016520 seconds 
========================================================================
Received Import Request.
  Time since last request: 38.650720 seconds.
  path: Assets/Prefabs/Level End.prefab
  artifactKey: Guid(03be458b940fe074d947d936afc320cf) Importer(815301076,1909f56bfc062723c751e8b465ee728b)
Start importing Assets/Prefabs/Level End.prefab using Guid(03be458b940fe074d947d936afc320cf) Importer(815301076,1909f56bfc062723c751e8b465ee728b)  -> (artifact id: '428dec27ef5adaaa0a9e81407265c885') in 0.018640 seconds 
========================================================================
Received Import Request.
  Time since last request: 13.415710 seconds.
  path: Assets/Prefabs/Fish.prefab
  artifactKey: Guid(176db388813424a4695bc6dce435d88b) Importer(815301076,1909f56bfc062723c751e8b465ee728b)
Start importing Assets/Prefabs/Fish.prefab using Guid(176db388813424a4695bc6dce435d88b) Importer(815301076,1909f56bfc062723c751e8b465ee728b)  -> (artifact id: '4ce9c530dd5dd3e1e2243fd84121859b') in 0.016635 seconds 
========================================================================
Received Import Request.
  Time since last request: 25.992539 seconds.
  path: Assets/Materials/Brown.mat
  artifactKey: Guid(908eb112ad4e238479b603a9fdfb8eef) Importer(815301076,1909f56bfc062723c751e8b465ee728b)
Start importing Assets/Materials/Brown.mat using Guid(908eb112ad4e238479b603a9fdfb8eef) Importer(815301076,1909f56bfc062723c751e8b465ee728b)  -> (artifact id: 'ae89cf0914dd61046e765835bb6084e5') in 0.015974 seconds 
========================================================================
Received Import Request.
  Time since last request: 104.607485 seconds.
  path: Assets/Prefabs/Canvas.prefab
  artifactKey: Guid(b4e8bc4d08988bf49bd11f7c2fe24a06) Importer(815301076,1909f56bfc062723c751e8b465ee728b)
Start importing Assets/Prefabs/Canvas.prefab using Guid(b4e8bc4d08988bf49bd11f7c2fe24a06) Importer(815301076,1909f56bfc062723c751e8b465ee728b)  -> (artifact id: '21b620edb2d923a9b00d7ea367129bbe') in 0.060943 seconds 
========================================================================
Received Import Request.
  Time since last request: 118.748287 seconds.
  path: Assets/Prefabs/Fish.prefab
  artifactKey: Guid(176db388813424a4695bc6dce435d88b) Importer(815301076,1909f56bfc062723c751e8b465ee728b)
Start importing Assets/Prefabs/Fish.prefab using Guid(176db388813424a4695bc6dce435d88b) Importer(815301076,1909f56bfc062723c751e8b465ee728b)  -> (artifact id: 'e2b416530b29f1597d34c5a7f7998745') in 0.017120 seconds 
========================================================================
Received Import Request.
  Time since last request: 0.000024 seconds.
  path: Assets/Prefabs/Mine.prefab
  artifactKey: Guid(ba974d4d8365654489a9f4d40a504eee) Importer(815301076,1909f56bfc062723c751e8b465ee728b)
Start importing Assets/Prefabs/Mine.prefab using Guid(ba974d4d8365654489a9f4d40a504eee) Importer(815301076,1909f56bfc062723c751e8b465ee728b)  -> (artifact id: 'e75dee19456fb79d2ceec40db3138ab1') in 0.018570 seconds 
