Using pre-set license
Built from '2021.3/staging' branch; Version is '2021.3.5f1 (40eb3a945986) revision 4254522'; Using compiler version '192829333'; Build Type 'Release'
OS: 'Windows 11  (10.0.22000) 64bit Core' Language: 'en' Physical Memory: 7987 MB
BatchMode: 1, IsHumanControllingUs: 0, StartBugReporterOnCrash: 0, Is64bit: 1, IsPro: 1

COMMAND LINE ARGUMENTS:
C:\Program Files\Unity\Hub\Editor\2021.3.5f1\Editor\Unity.exe
-adb2
-batchMode
-noUpm
-name
AssetImportWorker1
-projectPath
C:/Unity Projects/3rd_Year_Mobile_Game/3rdYearMobileGame
-logFile
Logs/AssetImportWorker1.log
-srvPort
57683
Successfully changed project path to: C:/Unity Projects/3rd_Year_Mobile_Game/3rdYearMobileGame
C:/Unity Projects/3rd_Year_Mobile_Game/3rdYearMobileGame
[UnityMemory] Configuration Parameters - Can be set up in boot.config
    "memorysetup-bucket-allocator-granularity=16"
    "memorysetup-bucket-allocator-bucket-count=8"
    "memorysetup-bucket-allocator-block-size=33554432"
    "memorysetup-bucket-allocator-block-count=8"
    "memorysetup-main-allocator-block-size=16777216"
    "memorysetup-thread-allocator-block-size=16777216"
    "memorysetup-gfx-main-allocator-block-size=16777216"
    "memorysetup-gfx-thread-allocator-block-size=16777216"
    "memorysetup-cache-allocator-block-size=4194304"
    "memorysetup-typetree-allocator-block-size=2097152"
    "memorysetup-profiler-bucket-allocator-granularity=16"
    "memorysetup-profiler-bucket-allocator-bucket-count=8"
    "memorysetup-profiler-bucket-allocator-block-size=33554432"
    "memorysetup-profiler-bucket-allocator-block-count=8"
    "memorysetup-profiler-allocator-block-size=16777216"
    "memorysetup-profiler-editor-allocator-block-size=1048576"
    "memorysetup-temp-allocator-size-main=16777216"
    "memorysetup-job-temp-allocator-block-size=2097152"
    "memorysetup-job-temp-allocator-block-size-background=1048576"
    "memorysetup-job-temp-allocator-reduction-small-platforms=262144"
    "memorysetup-temp-allocator-size-background-worker=32768"
    "memorysetup-temp-allocator-size-job-worker=262144"
    "memorysetup-temp-allocator-size-preload-manager=33554432"
    "memorysetup-temp-allocator-size-nav-mesh-worker=65536"
    "memorysetup-temp-allocator-size-audio-worker=65536"
    "memorysetup-temp-allocator-size-cloud-worker=32768"
    "memorysetup-temp-allocator-size-gi-baking-worker=262144"
    "memorysetup-temp-allocator-size-gfx=262144"
Refreshing native plugins compatible for Editor in 185.05 ms, found 4 plugins.
Preloading 0 native plugins for Editor in 0.00 ms.
Initialize engine version: 2021.3.5f1 (40eb3a945986)
[Subsystems] Discovering subsystems at path C:/Program Files/Unity/Hub/Editor/2021.3.5f1/Editor/Data/Resources/UnitySubsystems
[Subsystems] Discovering subsystems at path C:/Unity Projects/3rd_Year_Mobile_Game/3rdYearMobileGame/Assets
GfxDevice: creating device client; threaded=0; jobified=0
Direct3D:
    Version:  Direct3D 11.0 [level 11.1]
    Renderer: Intel(R) UHD Graphics (ID=0x8a56)
    Vendor:   Intel
    VRAM:     3993 MB
    Driver:   27.20.100.9664
Initialize mono
Mono path[0] = 'C:/Program Files/Unity/Hub/Editor/2021.3.5f1/Editor/Data/Managed'
Mono path[1] = 'C:/Program Files/Unity/Hub/Editor/2021.3.5f1/Editor/Data/MonoBleedingEdge/lib/mono/unityjit-win32'
Mono config path = 'C:/Program Files/Unity/Hub/Editor/2021.3.5f1/Editor/Data/MonoBleedingEdge/etc'
Using monoOptions --debugger-agent=transport=dt_socket,embedding=1,server=y,suspend=n,address=127.0.0.1:56848
Begin MonoManager ReloadAssembly
Registering precompiled unity dll's ...
Register platform support module: C:/Program Files/Unity/Hub/Editor/2021.3.5f1/Editor/Data/PlaybackEngines/AndroidPlayer/UnityEditor.Android.Extensions.dll
Register platform support module: C:/Program Files/Unity/Hub/Editor/2021.3.5f1/Editor/Data/PlaybackEngines/WindowsStandaloneSupport/UnityEditor.WindowsStandalone.Extensions.dll
Registered in 0.009568 seconds.
Native extension for WindowsStandalone target not found
Native extension for Android target not found
Refreshing native plugins compatible for Editor in 214.06 ms, found 4 plugins.
Preloading 0 native plugins for Editor in 0.00 ms.
Mono: successfully reloaded assembly
- Completed reload, in  1.394 seconds
Domain Reload Profiling:
	ReloadAssembly (1395ms)
		BeginReloadAssembly (147ms)
			ExecutionOrderSort (0ms)
			DisableScriptedObjects (0ms)
			BackupInstance (0ms)
			ReleaseScriptingObjects (0ms)
			CreateAndSetChildDomain (1ms)
		EndReloadAssembly (1024ms)
			LoadAssemblies (142ms)
			RebuildTransferFunctionScriptingTraits (0ms)
			SetupTypeCache (172ms)
			ReleaseScriptCaches (0ms)
			RebuildScriptCaches (68ms)
			SetupLoadedEditorAssemblies (705ms)
				LogAssemblyErrors (0ms)
				InitializePlatformSupportModulesInManaged (141ms)
				SetLoadedEditorAssemblies (4ms)
				RefreshPlugins (214ms)
				BeforeProcessingInitializeOnLoad (1ms)
				ProcessInitializeOnLoadAttributes (245ms)
				ProcessInitializeOnLoadMethodAttributes (99ms)
				AfterProcessingInitializeOnLoad (0ms)
				EditorAssembliesLoaded (0ms)
			ExecutionOrderSort2 (0ms)
			AwakeInstancesAfterBackupRestoration (0ms)
Platform modules already initialized, skipping
Registering precompiled user dll's ...
Registered in 0.020655 seconds.
Begin MonoManager ReloadAssembly
Symbol file LoadedFromMemory doesn't match image C:\Unity Projects\3rd_Year_Mobile_Game\3rdYearMobileGame\Library\PackageCache\com.unity.visualscripting@1.7.8\Editor\VisualScripting.Core\Dependencies\YamlDotNet\Unity.VisualScripting.YamlDotNet.dll
Symbol file LoadedFromMemory doesn't match image C:\Unity Projects\3rd_Year_Mobile_Game\3rdYearMobileGame\Library\PackageCache\com.unity.visualscripting@1.7.8\Editor\VisualScripting.Core\Dependencies\DotNetZip\Unity.VisualScripting.IonicZip.dll
Native extension for WindowsStandalone target not found
Native extension for Android target not found
Refreshing native plugins compatible for Editor in 209.46 ms, found 4 plugins.
Preloading 0 native plugins for Editor in 0.00 ms.
Mono: successfully reloaded assembly
- Completed reload, in  2.788 seconds
Domain Reload Profiling:
	ReloadAssembly (2790ms)
		BeginReloadAssembly (430ms)
			ExecutionOrderSort (0ms)
			DisableScriptedObjects (18ms)
			BackupInstance (0ms)
			ReleaseScriptingObjects (1ms)
			CreateAndSetChildDomain (175ms)
		EndReloadAssembly (2143ms)
			LoadAssemblies (231ms)
			RebuildTransferFunctionScriptingTraits (0ms)
			SetupTypeCache (458ms)
			ReleaseScriptCaches (1ms)
			RebuildScriptCaches (178ms)
			SetupLoadedEditorAssemblies (1217ms)
				LogAssemblyErrors (0ms)
				InitializePlatformSupportModulesInManaged (17ms)
				SetLoadedEditorAssemblies (0ms)
				RefreshPlugins (210ms)
				BeforeProcessingInitializeOnLoad (249ms)
				ProcessInitializeOnLoadAttributes (553ms)
				ProcessInitializeOnLoadMethodAttributes (173ms)
				AfterProcessingInitializeOnLoad (14ms)
				EditorAssembliesLoaded (0ms)
			ExecutionOrderSort2 (0ms)
			AwakeInstancesAfterBackupRestoration (12ms)
Platform modules already initialized, skipping
========================================================================
Worker process is ready to serve import requests
Launched and connected shader compiler UnityShaderCompiler.exe after 0.09 seconds
Refreshing native plugins compatible for Editor in 1.26 ms, found 4 plugins.
Preloading 0 native plugins for Editor in 0.00 ms.
Unloading 6129 Unused Serialized files (Serialized files now loaded: 0)
Unloading 57 unused Assets / (0.8 MB). Loaded Objects now: 6584.
Memory consumption went from 239.0 MB to 238.2 MB.
Total: 10.841500 ms (FindLiveObjects: 0.813600 ms CreateObjectMapping: 0.482000 ms MarkObjects: 8.594200 ms  DeleteObjects: 0.948400 ms)

AssetImportParameters requested are different than current active one (requested -> active):
  custom:video-decoder-ogg-theora: a1e56fd34408186e4bbccfd4996cb3dc -> 
  custom:container-muxer-webm: aa71ff27fc2769a1b78a27578f13a17b -> 
  custom:container-demuxer-webm: 4f35f7cbe854078d1ac9338744f61a02 -> 
  custom:video-encoder-webm-vp8: eb34c28f22e8b96e1ab97ce403110664 -> 
  custom:audio-encoder-webm-vorbis: bf7c407c2cedff20999df2af8eb42d56 -> 
  custom:framework-win-MediaFoundation: 216162199b28c13a410421893ffa2e32 -> 
  custom:container-demuxer-ogg: 62fdf1f143b41e24485cea50d1cbac27 -> 
  custom:video-decoder-webm-vp8: 9c59270c3fd7afecdb556c50c9e8de78 -> 
  custom:audio-decoder-ogg-vorbis: bf7c407c2cedff20999df2af8eb42d56 -> 
========================================================================
Received Import Request.
  Time since last request: 92206.006657 seconds.
  path: Assets/Characters/manta3.fbx
  artifactKey: Guid(6890d8b805db8d3418ac04ad90c82644) Importer(815301076,1909f56bfc062723c751e8b465ee728b)
Start importing Assets/Characters/manta3.fbx using Guid(6890d8b805db8d3418ac04ad90c82644) Importer(815301076,1909f56bfc062723c751e8b465ee728b)  -> (artifact id: '4bbc6a238a796fdebb5a8838982c5575') in 1.281888 seconds 
========================================================================
Received Import Request.
  Time since last request: 19.777162 seconds.
  path: Assets/Materials/Blue.mat
  artifactKey: Guid(76ae85f7981a552438a8411025fbd384) Importer(815301076,1909f56bfc062723c751e8b465ee728b)
Start importing Assets/Materials/Blue.mat using Guid(76ae85f7981a552438a8411025fbd384) Importer(815301076,1909f56bfc062723c751e8b465ee728b)  -> (artifact id: '31af38af0d57e0399cb02b2783c47326') in 0.062288 seconds 
========================================================================
Received Import Request.
  Time since last request: 0.000074 seconds.
  path: Assets/Materials/Brown.mat
  artifactKey: Guid(908eb112ad4e238479b603a9fdfb8eef) Importer(815301076,1909f56bfc062723c751e8b465ee728b)
Start importing Assets/Materials/Brown.mat using Guid(908eb112ad4e238479b603a9fdfb8eef) Importer(815301076,1909f56bfc062723c751e8b465ee728b)  -> (artifact id: 'f6b3a81bfde39b7bff52839fc1bb724c') in 0.050145 seconds 
========================================================================
Received Import Request.
  Time since last request: 0.000088 seconds.
  path: Assets/Materials/DefaultMaterial_BaseColor.png
  artifactKey: Guid(8a9e4203511302e479fa898c92876fbe) Importer(815301076,1909f56bfc062723c751e8b465ee728b)
Start importing Assets/Materials/DefaultMaterial_BaseColor.png using Guid(8a9e4203511302e479fa898c92876fbe) Importer(815301076,1909f56bfc062723c751e8b465ee728b)  -> (artifact id: 'f9cd0e41e1f2983e6ee017a628dbb546') in 0.219989 seconds 
========================================================================
Received Import Request.
  Time since last request: 8.831861 seconds.
  path: Assets/Prefabs/Crate.prefab
  artifactKey: Guid(f3690061a6ddf274dbfe7b8999a6429f) Importer(815301076,1909f56bfc062723c751e8b465ee728b)
Start importing Assets/Prefabs/Crate.prefab using Guid(f3690061a6ddf274dbfe7b8999a6429f) Importer(815301076,1909f56bfc062723c751e8b465ee728b)  -> (artifact id: '5ad7f6e654eaafac0a31abcd7e44b1b5') in 0.044892 seconds 
========================================================================
Received Import Request.
  Time since last request: 0.000040 seconds.
  path: Assets/Prefabs/Fish.prefab
  artifactKey: Guid(176db388813424a4695bc6dce435d88b) Importer(815301076,1909f56bfc062723c751e8b465ee728b)
Start importing Assets/Prefabs/Fish.prefab using Guid(176db388813424a4695bc6dce435d88b) Importer(815301076,1909f56bfc062723c751e8b465ee728b)  -> (artifact id: '2642a2520540054c908f1e3e74f5ae5c') in 0.036255 seconds 
========================================================================
Received Import Request.
  Time since last request: 0.000048 seconds.
  path: Assets/Prefabs/Level End.prefab
  artifactKey: Guid(03be458b940fe074d947d936afc320cf) Importer(815301076,1909f56bfc062723c751e8b465ee728b)
Start importing Assets/Prefabs/Level End.prefab using Guid(03be458b940fe074d947d936afc320cf) Importer(815301076,1909f56bfc062723c751e8b465ee728b)  -> (artifact id: 'e8553c37da9d709514be267234b16e2e') in 0.038175 seconds 
========================================================================
Received Prepare
Registering precompiled user dll's ...
Registered in 0.011154 seconds.
Begin MonoManager ReloadAssembly
Symbol file LoadedFromMemory doesn't match image C:\Unity Projects\3rd_Year_Mobile_Game\3rdYearMobileGame\Library\PackageCache\com.unity.visualscripting@1.7.8\Editor\VisualScripting.Core\Dependencies\YamlDotNet\Unity.VisualScripting.YamlDotNet.dll
Symbol file LoadedFromMemory doesn't match image C:\Unity Projects\3rd_Year_Mobile_Game\3rdYearMobileGame\Library\PackageCache\com.unity.visualscripting@1.7.8\Editor\VisualScripting.Core\Dependencies\DotNetZip\Unity.VisualScripting.IonicZip.dll
Native extension for WindowsStandalone target not found
Native extension for Android target not found
Refreshing native plugins compatible for Editor in 1.33 ms, found 4 plugins.
Preloading 0 native plugins for Editor in 0.00 ms.
Mono: successfully reloaded assembly
- Completed reload, in  2.484 seconds
Domain Reload Profiling:
	ReloadAssembly (2485ms)
		BeginReloadAssembly (389ms)
			ExecutionOrderSort (0ms)
			DisableScriptedObjects (21ms)
			BackupInstance (0ms)
			ReleaseScriptingObjects (0ms)
			CreateAndSetChildDomain (106ms)
		EndReloadAssembly (1906ms)
			LoadAssemblies (228ms)
			RebuildTransferFunctionScriptingTraits (0ms)
			SetupTypeCache (408ms)
			ReleaseScriptCaches (2ms)
			RebuildScriptCaches (101ms)
			SetupLoadedEditorAssemblies (1049ms)
				LogAssemblyErrors (0ms)
				InitializePlatformSupportModulesInManaged (41ms)
				SetLoadedEditorAssemblies (1ms)
				RefreshPlugins (1ms)
				BeforeProcessingInitializeOnLoad (206ms)
				ProcessInitializeOnLoadAttributes (636ms)
				ProcessInitializeOnLoadMethodAttributes (151ms)
				AfterProcessingInitializeOnLoad (12ms)
				EditorAssembliesLoaded (0ms)
			ExecutionOrderSort2 (0ms)
			AwakeInstancesAfterBackupRestoration (19ms)
Platform modules already initialized, skipping
Refreshing native plugins compatible for Editor in 18.27 ms, found 4 plugins.
Preloading 0 native plugins for Editor in 0.00 ms.
Unloading 5972 Unused Serialized files (Serialized files now loaded: 0)
Unloading 32 unused Assets / (0.8 MB). Loaded Objects now: 6691.
Memory consumption went from 234.2 MB to 233.5 MB.
Total: 12.876900 ms (FindLiveObjects: 0.977700 ms CreateObjectMapping: 1.199300 ms MarkObjects: 9.815400 ms  DeleteObjects: 0.881000 ms)

AssetImportParameters requested are different than current active one (requested -> active):
  custom:video-decoder-ogg-theora: a1e56fd34408186e4bbccfd4996cb3dc -> 
  custom:container-muxer-webm: aa71ff27fc2769a1b78a27578f13a17b -> 
  custom:container-demuxer-webm: 4f35f7cbe854078d1ac9338744f61a02 -> 
  custom:video-encoder-webm-vp8: eb34c28f22e8b96e1ab97ce403110664 -> 
  custom:audio-encoder-webm-vorbis: bf7c407c2cedff20999df2af8eb42d56 -> 
  custom:framework-win-MediaFoundation: 216162199b28c13a410421893ffa2e32 -> 
  custom:container-demuxer-ogg: 62fdf1f143b41e24485cea50d1cbac27 -> 
  custom:video-decoder-webm-vp8: 9c59270c3fd7afecdb556c50c9e8de78 -> 
  custom:audio-decoder-ogg-vorbis: bf7c407c2cedff20999df2af8eb42d56 -> 
========================================================================
Received Prepare
Registering precompiled user dll's ...
Registered in 0.011967 seconds.
Begin MonoManager ReloadAssembly
Symbol file LoadedFromMemory doesn't match image C:\Unity Projects\3rd_Year_Mobile_Game\3rdYearMobileGame\Library\PackageCache\com.unity.visualscripting@1.7.8\Editor\VisualScripting.Core\Dependencies\YamlDotNet\Unity.VisualScripting.YamlDotNet.dll
Symbol file LoadedFromMemory doesn't match image C:\Unity Projects\3rd_Year_Mobile_Game\3rdYearMobileGame\Library\PackageCache\com.unity.visualscripting@1.7.8\Editor\VisualScripting.Core\Dependencies\DotNetZip\Unity.VisualScripting.IonicZip.dll
Native extension for WindowsStandalone target not found
Native extension for Android target not found
Refreshing native plugins compatible for Editor in 1.70 ms, found 4 plugins.
Preloading 0 native plugins for Editor in 0.00 ms.
Mono: successfully reloaded assembly
- Completed reload, in  2.254 seconds
Domain Reload Profiling:
	ReloadAssembly (2255ms)
		BeginReloadAssembly (196ms)
			ExecutionOrderSort (0ms)
			DisableScriptedObjects (10ms)
			BackupInstance (0ms)
			ReleaseScriptingObjects (0ms)
			CreateAndSetChildDomain (65ms)
		EndReloadAssembly (1911ms)
			LoadAssemblies (119ms)
			RebuildTransferFunctionScriptingTraits (0ms)
			SetupTypeCache (524ms)
			ReleaseScriptCaches (3ms)
			RebuildScriptCaches (83ms)
			SetupLoadedEditorAssemblies (969ms)
				LogAssemblyErrors (0ms)
				InitializePlatformSupportModulesInManaged (66ms)
				SetLoadedEditorAssemblies (1ms)
				RefreshPlugins (2ms)
				BeforeProcessingInitializeOnLoad (196ms)
				ProcessInitializeOnLoadAttributes (505ms)
				ProcessInitializeOnLoadMethodAttributes (178ms)
				AfterProcessingInitializeOnLoad (20ms)
				EditorAssembliesLoaded (1ms)
			ExecutionOrderSort2 (0ms)
			AwakeInstancesAfterBackupRestoration (30ms)
Platform modules already initialized, skipping
Refreshing native plugins compatible for Editor in 7.65 ms, found 4 plugins.
Preloading 0 native plugins for Editor in 0.00 ms.
Unloading 5974 Unused Serialized files (Serialized files now loaded: 0)
Unloading 32 unused Assets / (0.8 MB). Loaded Objects now: 6707.
Memory consumption went from 234.3 MB to 233.5 MB.
Total: 7.296600 ms (FindLiveObjects: 0.653600 ms CreateObjectMapping: 0.344000 ms MarkObjects: 5.848900 ms  DeleteObjects: 0.447600 ms)

AssetImportParameters requested are different than current active one (requested -> active):
  custom:video-decoder-ogg-theora: a1e56fd34408186e4bbccfd4996cb3dc -> 
  custom:container-muxer-webm: aa71ff27fc2769a1b78a27578f13a17b -> 
  custom:container-demuxer-webm: 4f35f7cbe854078d1ac9338744f61a02 -> 
  custom:video-encoder-webm-vp8: eb34c28f22e8b96e1ab97ce403110664 -> 
  custom:audio-encoder-webm-vorbis: bf7c407c2cedff20999df2af8eb42d56 -> 
  custom:framework-win-MediaFoundation: 216162199b28c13a410421893ffa2e32 -> 
  custom:container-demuxer-ogg: 62fdf1f143b41e24485cea50d1cbac27 -> 
  custom:video-decoder-webm-vp8: 9c59270c3fd7afecdb556c50c9e8de78 -> 
  custom:audio-decoder-ogg-vorbis: bf7c407c2cedff20999df2af8eb42d56 -> 
========================================================================
Received Import Request.
  Time since last request: 397.490397 seconds.
  path: Assets/UI_Assets/Scripts/MainMenu_UI.cs
  artifactKey: Guid(c1cf181fc3685a341a50be3c520f6df6) Importer(815301076,1909f56bfc062723c751e8b465ee728b)
Start importing Assets/UI_Assets/Scripts/MainMenu_UI.cs using Guid(c1cf181fc3685a341a50be3c520f6df6) Importer(815301076,1909f56bfc062723c751e8b465ee728b)  -> (artifact id: 'ae36e79e40f1bf5d1d7b4309236d4908') in 0.024070 seconds 
========================================================================
Received Import Request.
  Time since last request: 1449.043107 seconds.
  path: Assets/UI_Assets/Images/UI Art Elements/Boat + Propella.png
  artifactKey: Guid(258858c7f5d032e42ac5e08e6257eef8) Importer(815301076,1909f56bfc062723c751e8b465ee728b)
Start importing Assets/UI_Assets/Images/UI Art Elements/Boat + Propella.png using Guid(258858c7f5d032e42ac5e08e6257eef8) Importer(815301076,1909f56bfc062723c751e8b465ee728b)  -> (artifact id: '44637c6d688fd5ffcac4cefae157e6f1') in 2.058899 seconds 
========================================================================
Received Import Request.
  Time since last request: 0.001486 seconds.
  path: Assets/UI_Assets/Images/UI Art Elements/Ocean and sky.png
  artifactKey: Guid(707677c87c3c808428688f4b09ce8504) Importer(815301076,1909f56bfc062723c751e8b465ee728b)
Start importing Assets/UI_Assets/Images/UI Art Elements/Ocean and sky.png using Guid(707677c87c3c808428688f4b09ce8504) Importer(815301076,1909f56bfc062723c751e8b465ee728b)  -> (artifact id: '2dea7b2c0ce65eb79c6f98168bda5de6') in 0.074865 seconds 
========================================================================
Received Import Request.
  Time since last request: 0.000116 seconds.
  path: Assets/UI_Assets/Images/UI Art Elements/Evil Eel.png
  artifactKey: Guid(245ef5f9c3c2fbb45b819e2d6b7004eb) Importer(815301076,1909f56bfc062723c751e8b465ee728b)
Start importing Assets/UI_Assets/Images/UI Art Elements/Evil Eel.png using Guid(245ef5f9c3c2fbb45b819e2d6b7004eb) Importer(815301076,1909f56bfc062723c751e8b465ee728b)  -> (artifact id: '72b90e6848e83be8843e332f4c21a7c3') in 0.082295 seconds 
========================================================================
Received Import Request.
  Time since last request: 0.000041 seconds.
  path: Assets/UI_Assets/Images/UI Art Elements/Sand level.png
  artifactKey: Guid(fb105526390809f4c808c163a0aba652) Importer(815301076,1909f56bfc062723c751e8b465ee728b)
Start importing Assets/UI_Assets/Images/UI Art Elements/Sand level.png using Guid(fb105526390809f4c808c163a0aba652) Importer(815301076,1909f56bfc062723c751e8b465ee728b)  -> (artifact id: '937ed170d6882e94d835ba6906de2a70') in 0.080066 seconds 
========================================================================
Received Import Request.
  Time since last request: 0.000040 seconds.
  path: Assets/UI_Assets/Images/UI Art Elements/Oil bubble.png
  artifactKey: Guid(b5bc81d2f663b0449b81123c638cfffe) Importer(815301076,1909f56bfc062723c751e8b465ee728b)
Start importing Assets/UI_Assets/Images/UI Art Elements/Oil bubble.png using Guid(b5bc81d2f663b0449b81123c638cfffe) Importer(815301076,1909f56bfc062723c751e8b465ee728b)  -> (artifact id: 'e2f8766a833fd372d28847db0d5fccc8') in 0.078167 seconds 
========================================================================
Received Import Request.
  Time since last request: 0.000071 seconds.
  path: Assets/UI_Assets/Images/UI Art Elements/Net.png
  artifactKey: Guid(07e671b03ff9508438f8b50ddb4a7508) Importer(815301076,1909f56bfc062723c751e8b465ee728b)
Start importing Assets/UI_Assets/Images/UI Art Elements/Net.png using Guid(07e671b03ff9508438f8b50ddb4a7508) Importer(815301076,1909f56bfc062723c751e8b465ee728b)  -> (artifact id: 'bd4bd00b735d3fe2de539b22c7b137a1') in 0.104769 seconds 
========================================================================
Received Import Request.
  Time since last request: 0.000056 seconds.
  path: Assets/UI_Assets/Images/UI Art Elements/Crushed Can v1.png
  artifactKey: Guid(39867ed9da86be54f9a929f7f4cae6ff) Importer(815301076,1909f56bfc062723c751e8b465ee728b)
Start importing Assets/UI_Assets/Images/UI Art Elements/Crushed Can v1.png using Guid(39867ed9da86be54f9a929f7f4cae6ff) Importer(815301076,1909f56bfc062723c751e8b465ee728b)  -> (artifact id: 'aeb950745d25fba4f20435f892a78ab0') in 0.094634 seconds 
========================================================================
Received Import Request.
  Time since last request: 0.000161 seconds.
  path: Assets/UI_Assets/Images/UI Art Elements/Plastic cans holder.png
  artifactKey: Guid(d396035b09a17814bb139d886be8d6de) Importer(815301076,1909f56bfc062723c751e8b465ee728b)
Start importing Assets/UI_Assets/Images/UI Art Elements/Plastic cans holder.png using Guid(d396035b09a17814bb139d886be8d6de) Importer(815301076,1909f56bfc062723c751e8b465ee728b)  -> (artifact id: '72a9ac7ae8c7bc07756efc258636925a') in 0.125285 seconds 
========================================================================
Received Import Request.
  Time since last request: 0.000071 seconds.
  path: Assets/UI_Assets/Images/UI Art Elements/Waves.png
  artifactKey: Guid(c6f2113942e81a34ab65df5dad775a17) Importer(815301076,1909f56bfc062723c751e8b465ee728b)
Start importing Assets/UI_Assets/Images/UI Art Elements/Waves.png using Guid(c6f2113942e81a34ab65df5dad775a17) Importer(815301076,1909f56bfc062723c751e8b465ee728b)  -> (artifact id: '69bc0d2b471864bb5050d2d114494d70') in 0.097740 seconds 
========================================================================
Received Import Request.
  Time since last request: 0.000086 seconds.
  path: Assets/UI_Assets/Images/UI Art Elements/Oil Slick.png
  artifactKey: Guid(1d83386176d93b7458de1d98042b10be) Importer(815301076,1909f56bfc062723c751e8b465ee728b)
Start importing Assets/UI_Assets/Images/UI Art Elements/Oil Slick.png using Guid(1d83386176d93b7458de1d98042b10be) Importer(815301076,1909f56bfc062723c751e8b465ee728b)  -> (artifact id: '5ec670e6d102a749fce4988d0ec9a7a7') in 0.130877 seconds 
========================================================================
Received Import Request.
  Time since last request: 0.000072 seconds.
  path: Assets/UI_Assets/Images/UI Art Elements/Mantaway logo.png
  artifactKey: Guid(a24e391091fd3804aa9a19bd685a2441) Importer(815301076,1909f56bfc062723c751e8b465ee728b)
Start importing Assets/UI_Assets/Images/UI Art Elements/Mantaway logo.png using Guid(a24e391091fd3804aa9a19bd685a2441) Importer(815301076,1909f56bfc062723c751e8b465ee728b)  -> (artifact id: '7b8b1b752cd4bfc00b7e0709c4571058') in 0.391631 seconds 
========================================================================
Received Import Request.
  Time since last request: 274.560218 seconds.
  path: Assets/UI_Assets/Fonts/OpenDyslexic-BoldItalic.otf
  artifactKey: Guid(d725a1913e5cb7c4f80fdb6f91b2fe09) Importer(815301076,1909f56bfc062723c751e8b465ee728b)
Start importing Assets/UI_Assets/Fonts/OpenDyslexic-BoldItalic.otf using Guid(d725a1913e5cb7c4f80fdb6f91b2fe09) Importer(815301076,1909f56bfc062723c751e8b465ee728b)  -> (artifact id: 'a9532a4ee5983112f7d4598459a50db1') in 1.611033 seconds 
========================================================================
Received Import Request.
  Time since last request: 0.000106 seconds.
  path: Assets/UI_Assets/Fonts/OpenDyslexic-Regular.otf
  artifactKey: Guid(b7b2419718ad47947b0e6258384cab34) Importer(815301076,1909f56bfc062723c751e8b465ee728b)
Start importing Assets/UI_Assets/Fonts/OpenDyslexic-Regular.otf using Guid(b7b2419718ad47947b0e6258384cab34) Importer(815301076,1909f56bfc062723c751e8b465ee728b)  -> (artifact id: 'eaea8217c126f6c8b903157f845ecfc2') in 0.050603 seconds 
========================================================================
Received Prepare
Registering precompiled user dll's ...
Registered in 0.017353 seconds.
Begin MonoManager ReloadAssembly
Symbol file LoadedFromMemory doesn't match image C:\Unity Projects\3rd_Year_Mobile_Game\3rdYearMobileGame\Library\PackageCache\com.unity.visualscripting@1.7.8\Editor\VisualScripting.Core\Dependencies\YamlDotNet\Unity.VisualScripting.YamlDotNet.dll
Symbol file LoadedFromMemory doesn't match image C:\Unity Projects\3rd_Year_Mobile_Game\3rdYearMobileGame\Library\PackageCache\com.unity.visualscripting@1.7.8\Editor\VisualScripting.Core\Dependencies\DotNetZip\Unity.VisualScripting.IonicZip.dll
Native extension for WindowsStandalone target not found
Native extension for Android target not found
Refreshing native plugins compatible for Editor in 3.17 ms, found 4 plugins.
Preloading 0 native plugins for Editor in 0.00 ms.
Mono: successfully reloaded assembly
- Completed reload, in  5.687 seconds
Domain Reload Profiling:
	ReloadAssembly (5691ms)
		BeginReloadAssembly (1473ms)
			ExecutionOrderSort (0ms)
			DisableScriptedObjects (111ms)
			BackupInstance (0ms)
			ReleaseScriptingObjects (0ms)
			CreateAndSetChildDomain (797ms)
		EndReloadAssembly (3948ms)
			LoadAssemblies (1364ms)
			RebuildTransferFunctionScriptingTraits (1ms)
			SetupTypeCache (954ms)
			ReleaseScriptCaches (9ms)
			RebuildScriptCaches (157ms)
			SetupLoadedEditorAssemblies (1215ms)
				LogAssemblyErrors (0ms)
				InitializePlatformSupportModulesInManaged (53ms)
				SetLoadedEditorAssemblies (2ms)
				RefreshPlugins (3ms)
				BeforeProcessingInitializeOnLoad (239ms)
				ProcessInitializeOnLoadAttributes (656ms)
				ProcessInitializeOnLoadMethodAttributes (235ms)
				AfterProcessingInitializeOnLoad (24ms)
				EditorAssembliesLoaded (1ms)
			ExecutionOrderSort2 (0ms)
			AwakeInstancesAfterBackupRestoration (50ms)
Platform modules already initialized, skipping
Refreshing native plugins compatible for Editor in 9.38 ms, found 4 plugins.
Preloading 0 native plugins for Editor in 0.00 ms.
Unloading 5973 Unused Serialized files (Serialized files now loaded: 0)
Unloading 32 unused Assets / (0.8 MB). Loaded Objects now: 6772.
Memory consumption went from 234.6 MB to 233.8 MB.
Total: 11.144500 ms (FindLiveObjects: 0.674400 ms CreateObjectMapping: 0.481500 ms MarkObjects: 9.175800 ms  DeleteObjects: 0.811200 ms)

AssetImportParameters requested are different than current active one (requested -> active):
  custom:video-decoder-ogg-theora: a1e56fd34408186e4bbccfd4996cb3dc -> 
  custom:container-muxer-webm: aa71ff27fc2769a1b78a27578f13a17b -> 
  custom:container-demuxer-webm: 4f35f7cbe854078d1ac9338744f61a02 -> 
  custom:video-encoder-webm-vp8: eb34c28f22e8b96e1ab97ce403110664 -> 
  custom:audio-encoder-webm-vorbis: bf7c407c2cedff20999df2af8eb42d56 -> 
  custom:framework-win-MediaFoundation: 216162199b28c13a410421893ffa2e32 -> 
  custom:container-demuxer-ogg: 62fdf1f143b41e24485cea50d1cbac27 -> 
  custom:video-decoder-webm-vp8: 9c59270c3fd7afecdb556c50c9e8de78 -> 
  custom:audio-decoder-ogg-vorbis: bf7c407c2cedff20999df2af8eb42d56 -> 
